2014/09/26 23:10:48 main.go:17 func·001(): [Debug] [初始化环境]
2014/09/26 23:14:44 main.go:17 func·001(): [Debug] [初始化环境]
2014/09/26 23:17:38 main.go:17 func·001(): [Debug] [初始化环境]
2014/09/26 23:18:03 main.go:17 func·001(): [Debug] [初始化环境]
2014/09/26 23:21:32 main.go:17 func·001(): [Debug] [初始化环境]
2014/09/27 17:07:02 main.go:17 func·001(): [Debug] [初始化环境]
2014/09/28 21:14:41 app.go:43 Init(): [Debug] [mysqluser= root mysqlpass= 51026]
2014/09/28 21:14:41 main.go:17 func·001(): [Info] [初始化环境]
2014/09/28 21:14:41 main.go:28 shutDownServer(): [Info] [shutDownRoute started]
2014/09/28 21:26:03 app.go:43 Init(): [Debug] [mysqluser= root mysqlpass= 51026]
2014/09/28 21:26:03 main.go:17 func·001(): [Info] [初始化环境]
2014/09/28 21:26:03 main.go:28 shutDownServer(): [Info] [shutDownRoute started]
2014/09/28 21:32:16 demo.go:68 SearchDemo_Get(): [Debug] [SearchDemo]
2014/09/28 21:36:47 demo.go:68 SearchDemo_Get(): [Debug] [SearchDemo]
2014/09/28 21:36:51 demo.go:35 DeleteDemo_Post(): [Debug] [DeleteDemo]
2014/09/28 21:36:53 demo.go:68 SearchDemo_Get(): [Debug] [SearchDemo]
2014/09/28 21:37:00 demo.go:51 UpdateDemo_Post(): [Debug] [UpdateDemo]
2014/09/28 21:37:01 demo.go:68 SearchDemo_Get(): [Debug] [SearchDemo]
2014/09/29 22:49:45 app.go:44 Init(): [Debug] [mysqluser= root mysqlpass= 51026]
2014/09/29 22:49:45 main.go:17 func·001(): [Info] [初始化环境]
2014/09/29 22:49:45 main.go:28 shutDownServer(): [Info] [shutDownRoute started]
2014/09/29 22:50:26 app.go:44 Init(): [Debug] [mysqluser= root mysqlpass= 51026]
2014/10/01 16:45:46 app.go:45 Init(): [Debug] [mysqluser= csm_d mysqlpass= 123]
2014/10/01 16:45:46 main.go:17 func·001(): [Info] [初始化环境]
2014/10/01 16:45:46 main.go:28 shutDownServer(): [Info] [shutDownRoute started]
2014/10/02 21:04:07 app.go:45 Init(): [Debug] [mysqluser= csm_d mysqlpass= 123]
2014/10/02 21:04:07 main.go:17 func·001(): [Info] [初始化环境]
2014/10/02 21:04:07 main.go:28 shutDownServer(): [Info] [shutDownRoute started]
2014/10/02 21:05:45 app.go:45 Init(): [Debug] [mysqluser= csm_d mysqlpass= 123]
2014/10/02 21:05:45 main.go:17 func·001(): [Info] [初始化环境]
2014/10/02 21:05:45 main.go:28 shutDownServer(): [Info] [shutDownRoute started]
2014/10/02 21:07:47 app.go:45 Init(): [Debug] [mysqluser= csm_d mysqlpass= 123]
2014/10/02 21:07:47 main.go:28 shutDownServer(): [Info] [shutDownRoute started]
2014/10/02 21:07:47 main.go:17 func·001(): [Info] [初始化环境]
2014/10/03 17:03:46 app.go:49 Init(): [Debug] [mysqluser= csm_d mysqlpass= 123]
2014/10/03 17:03:49 app.go:49 Init(): [Debug] [mysqluser= csm_d mysqlpass= 123]
2014/10/03 17:03:50 projectManager.go:79 UpdateEqmMsg(): [Error] [找不到数据]
2014/10/03 17:03:53 app.go:49 Init(): [Debug] [mysqluser= csm_d mysqlpass= 123]
2014/10/03 17:04:35 app.go:49 Init(): [Debug] [mysqluser= csm_d mysqlpass= 123]
2014/10/03 17:04:39 app.go:49 Init(): [Debug] [mysqluser= csm_d mysqlpass= 123]
2014/10/03 17:04:39 projectManager.go:79 UpdateEqmMsg(): [Error] [找不到数据]
2014/10/03 17:04:42 app.go:49 Init(): [Debug] [mysqluser= csm_d mysqlpass= 123]
2014/10/03 17:08:51 app.go:49 Init(): [Debug] [mysqluser= csm_d mysqlpass= 123]
2014/10/03 17:32:42 app.go:49 Init(): [Debug] [mysqluser= csm_d mysqlpass= 123]
2014/10/03 17:32:46 app.go:49 Init(): [Debug] [mysqluser= csm_d mysqlpass= 123]
2014/10/03 17:37:19 log_test.go:8 Test_logger(): [Debug] [D I W E]
2014/10/03 17:37:19 log_test.go:9 Test_logger(): [Debug] [1 2 3 4]
2014/10/03 17:37:19 log_test.go:12 Test_logger(): [Debug] [1]
2014/10/03 17:37:19 log_test.go:13 Test_logger(): [Info] [1]
2014/10/03 17:37:19 log_test.go:14 Test_logger(): [Warn] [1]
2014/10/03 17:37:19 log_test.go:15 Test_logger(): [Error] [1]
2014/10/03 17:37:19 log_test.go:13 Test_logger(): [Info] [2]
2014/10/03 17:37:19 log_test.go:14 Test_logger(): [Warn] [2]
2014/10/03 17:37:19 log_test.go:15 Test_logger(): [Error] [2]
2014/10/03 17:37:19 log_test.go:14 Test_logger(): [Warn] [3]
2014/10/03 17:37:19 log_test.go:15 Test_logger(): [Error] [3]
2014/10/03 17:37:19 log_test.go:15 Test_logger(): [Error] [4]
2014/10/03 17:37:26 app.go:49 Init(): [Debug] [mysqluser= csm_d mysqlpass= 123]
2014/10/03 17:37:26 app.go:49 Init(): [Debug] [mysqluser= csm_d mysqlpass= 123]
2014/10/03 17:37:30 app.go:49 Init(): [Debug] [mysqluser= csm_d mysqlpass= 123]
2014/10/03 17:37:31 app.go:49 Init(): [Debug] [mysqluser= csm_d mysqlpass= 123]
2014/10/03 20:46:31 log_test.go:8 Test_logger(): [Debug] [D I W E]
2014/10/03 20:46:31 log_test.go:9 Test_logger(): [Debug] [1 2 3 4]
2014/10/03 20:46:31 log_test.go:12 Test_logger(): [Debug] [1]
2014/10/03 20:46:31 log_test.go:13 Test_logger(): [Info] [1]
2014/10/03 20:46:31 log_test.go:14 Test_logger(): [Warn] [1]
2014/10/03 20:46:31 log_test.go:15 Test_logger(): [Error] [1]
2014/10/03 20:46:31 log_test.go:13 Test_logger(): [Info] [2]
2014/10/03 20:46:31 log_test.go:14 Test_logger(): [Warn] [2]
2014/10/03 20:46:31 log_test.go:15 Test_logger(): [Error] [2]
2014/10/03 20:46:31 log_test.go:14 Test_logger(): [Warn] [3]
2014/10/03 20:46:31 log_test.go:15 Test_logger(): [Error] [3]
2014/10/03 20:46:31 log_test.go:15 Test_logger(): [Error] [4]
2014/10/03 20:46:35 app.go:49 Init(): [Debug] [mysqluser= csm_d mysqlpass= 123]
2014/10/03 21:01:58 log_test.go:8 Test_logger(): [Debug] [D I W E]
2014/10/03 21:01:58 log_test.go:9 Test_logger(): [Debug] [1 2 3 4]
2014/10/03 21:01:58 log_test.go:12 Test_logger(): [Debug] [1]
2014/10/03 21:01:58 log_test.go:13 Test_logger(): [Info] [1]
2014/10/03 21:01:58 log_test.go:14 Test_logger(): [Warn] [1]
2014/10/03 21:01:58 log_test.go:15 Test_logger(): [Error] [1]
2014/10/03 21:01:58 log_test.go:13 Test_logger(): [Info] [2]
2014/10/03 21:01:58 log_test.go:14 Test_logger(): [Warn] [2]
2014/10/03 21:01:58 log_test.go:15 Test_logger(): [Error] [2]
2014/10/03 21:01:58 log_test.go:14 Test_logger(): [Warn] [3]
2014/10/03 21:01:58 log_test.go:15 Test_logger(): [Error] [3]
2014/10/03 21:01:58 log_test.go:15 Test_logger(): [Error] [4]
2014/10/03 21:02:02 app.go:49 Init(): [Debug] [mysqluser= csm_d mysqlpass= 123]
2014/10/03 21:02:05 app.go:49 Init(): [Debug] [mysqluser= csm_d mysqlpass= 123]
2014/10/03 21:04:37 app.go:49 Init(): [Debug] [mysqluser= csm_d mysqlpass= 123]
2014/10/03 21:04:40 app.go:49 Init(): [Debug] [mysqluser= csm_d mysqlpass= 123]
2014/10/03 21:10:22 app.go:49 Init(): [Debug] [mysqluser= csm_d mysqlpass= 123]
2014/10/03 21:10:24 app.go:49 Init(): [Debug] [mysqluser= csm_d mysqlpass= 123]
2014/10/03 21:12:16 app.go:49 Init(): [Debug] [mysqluser= csm_d mysqlpass= 123]
2014/10/03 21:12:19 app.go:49 Init(): [Debug] [mysqluser= csm_d mysqlpass= 123]
2014/10/03 21:13:53 app.go:49 Init(): [Debug] [mysqluser= csm_d mysqlpass= 123]
2014/10/03 21:13:55 app.go:49 Init(): [Debug] [mysqluser= csm_d mysqlpass= 123]
2014/10/03 21:17:16 app.go:49 Init(): [Debug] [mysqluser= csm_d mysqlpass= 123]
2014/10/03 21:17:18 app.go:49 Init(): [Debug] [mysqluser= csm_d mysqlpass= 123]
2014/10/03 21:18:15 app.go:49 Init(): [Debug] [mysqluser= csm_d mysqlpass= 123]
2014/10/03 21:18:18 app.go:49 Init(): [Debug] [mysqluser= csm_d mysqlpass= 123]
2014/10/03 21:20:54 app.go:49 Init(): [Debug] [mysqluser= csm_d mysqlpass= 123]
2014/10/03 21:20:56 app.go:49 Init(): [Debug] [mysqluser= csm_d mysqlpass= 123]
2014/10/03 21:21:27 app.go:49 Init(): [Debug] [mysqluser= csm_d mysqlpass= 123]
2014/10/03 21:21:30 app.go:49 Init(): [Debug] [mysqluser= csm_d mysqlpass= 123]
2014/10/03 21:22:09 app.go:49 Init(): [Debug] [mysqluser= csm_d mysqlpass= 123]
2014/10/03 21:22:11 app.go:49 Init(): [Debug] [mysqluser= csm_d mysqlpass= 123]
2014/10/03 21:26:06 app.go:49 Init(): [Debug] [mysqluser= csm_d mysqlpass= 123]
2014/10/03 21:26:09 app.go:49 Init(): [Debug] [mysqluser= csm_d mysqlpass= 123]
2014/10/03 21:27:18 app.go:49 Init(): [Debug] [mysqluser= csm_d mysqlpass= 123]
2014/10/03 21:27:21 app.go:49 Init(): [Debug] [mysqluser= csm_d mysqlpass= 123]
2014/10/03 21:28:01 app.go:49 Init(): [Debug] [mysqluser= csm_d mysqlpass= 123]
2014/10/03 21:28:03 app.go:49 Init(): [Debug] [mysqluser= csm_d mysqlpass= 123]
2014/10/03 21:31:38 app.go:49 Init(): [Debug] [mysqluser= csm_d mysqlpass= 123]
2014/10/03 21:31:40 app.go:49 Init(): [Debug] [mysqluser= csm_d mysqlpass= 123]
2014/10/03 21:34:09 app.go:49 Init(): [Debug] [mysqluser= csm_d mysqlpass= 123]
2014/10/03 21:34:11 app.go:49 Init(): [Debug] [mysqluser= csm_d mysqlpass= 123]
2014/10/03 21:37:06 app.go:49 Init(): [Debug] [mysqluser= csm_d mysqlpass= 123]
2014/10/03 21:37:08 app.go:49 Init(): [Debug] [mysqluser= csm_d mysqlpass= 123]
2014/10/03 21:40:44 app.go:49 Init(): [Debug] [mysqluser= csm_d mysqlpass= 123]
2014/10/03 21:40:46 app.go:49 Init(): [Debug] [mysqluser= csm_d mysqlpass= 123]
2014/10/03 21:43:57 app.go:49 Init(): [Debug] [mysqluser= csm_d mysqlpass= 123]
2014/10/03 21:43:59 app.go:49 Init(): [Debug] [mysqluser= csm_d mysqlpass= 123]
2014/10/03 21:57:06 app.go:49 Init(): [Debug] [mysqluser= csm_d mysqlpass= 123]
2014/10/03 22:01:27 app.go:49 Init(): [Debug] [mysqluser= csm_d mysqlpass= 123]
2014/10/03 22:27:44 app.go:49 Init(): [Debug] [mysqluser= csm_d mysqlpass= 123]
2014/10/03 22:27:44 main.go:17 func·001(): [Info] [初始化环境]
2014/10/03 22:27:44 main.go:28 shutDownServer(): [Info] [shutDownRoute started]
2014/10/03 22:39:52 app.go:49 Init(): [Debug] [mysqluser= csm_d mysqlpass= 123]
2014/10/03 22:39:52 main.go:28 shutDownServer(): [Info] [shutDownRoute started]
2014/10/03 22:39:52 main.go:17 func·001(): [Info] [初始化环境]
2014/10/03 22:40:42 app.go:49 Init(): [Debug] [mysqluser= csm_d mysqlpass= 123]
2014/10/03 22:40:42 main.go:17 func·001(): [Info] [初始化环境]
2014/10/03 22:40:42 main.go:28 shutDownServer(): [Info] [shutDownRoute started]
2014/10/03 22:43:23 repairManage.go:25 GetCommQu(): [Debug] [GetCommQu]
2014/10/03 22:46:02 app.go:49 Init(): [Debug] [mysqluser= csm_d mysqlpass= 123]
2014/10/03 22:46:02 main.go:17 func·001(): [Info] [初始化环境]
2014/10/03 22:46:02 main.go:28 shutDownServer(): [Info] [shutDownRoute started]
2014/10/03 22:51:20 app.go:49 Init(): [Debug] [mysqluser= csm_d mysqlpass= 123]
2014/10/03 22:51:20 main.go:17 func·001(): [Info] [初始化环境]
2014/10/03 22:51:20 main.go:28 shutDownServer(): [Info] [shutDownRoute started]
2014/10/03 22:51:30 repairManage.go:25 GetCommQu(): [Debug] [GetCommQu]
2014/10/03 22:51:44 repairManage.go:25 GetCommQu(): [Debug] [GetCommQu]
2014/10/03 22:54:49 app.go:49 Init(): [Debug] [mysqluser= csm_d mysqlpass= 123]
2014/10/03 22:54:49 main.go:28 shutDownServer(): [Info] [shutDownRoute started]
2014/10/03 22:54:49 main.go:17 func·001(): [Info] [初始化环境]
2014/10/03 22:55:03 repairManage.go:25 GetCommQu(): [Debug] [GetCommQu]
2014/10/03 22:55:13 repairManage.go:25 GetCommQu(): [Debug] [GetCommQu]
2014/10/03 22:55:29 repairManage.go:25 GetCommQu(): [Debug] [GetCommQu]
2014/10/03 22:57:10 repairManage.go:25 GetCommQu(): [Debug] [GetCommQu]
2014/10/03 23:00:00 app.go:49 Init(): [Debug] [mysqluser= csm_d mysqlpass= 123]
2014/10/03 23:00:00 main.go:17 func·001(): [Info] [初始化环境]
2014/10/03 23:00:00 main.go:28 shutDownServer(): [Info] [shutDownRoute started]
2014/10/03 23:01:07 repairManage.go:25 GetCommQu(): [Debug] [GetCommQu]
2014/10/03 23:02:30 app.go:49 Init(): [Debug] [mysqluser= csm_d mysqlpass= 123]
2014/10/03 23:02:30 main.go:17 func·001(): [Info] [初始化环境]
2014/10/03 23:02:30 main.go:28 shutDownServer(): [Info] [shutDownRoute started]
2014/10/03 23:02:38 repairManage.go:25 GetCommQu(): [Debug] [GetCommQu]
2014/10/03 23:05:21 app.go:49 Init(): [Debug] [mysqluser= csm_d mysqlpass= 123]
2014/10/03 23:05:21 main.go:17 func·001(): [Info] [初始化环境]
2014/10/03 23:05:21 main.go:28 shutDownServer(): [Info] [shutDownRoute started]
2014/10/03 23:05:32 repairManage.go:25 GetCommQu(): [Debug] [GetCommQu]
2014/10/03 23:06:07 app.go:49 Init(): [Debug] [mysqluser= csm_d mysqlpass= 123]
2014/10/03 23:06:07 main.go:17 func·001(): [Info] [初始化环境]
2014/10/03 23:06:07 main.go:28 shutDownServer(): [Info] [shutDownRoute started]
2014/10/03 23:06:13 repairManage.go:25 GetCommQu(): [Debug] [GetCommQu]
2014/10/03 23:07:15 repairManage.go:25 GetCommQu(): [Debug] [GetCommQu]
2014/10/03 23:41:53 app.go:49 Init(): [Debug] [mysqluser= csm_d mysqlpass= 123]
2014/10/03 23:42:48 app.go:49 Init(): [Debug] [mysqluser= csm_d mysqlpass= 123]
2014/10/03 23:42:48 main.go:17 func·001(): [Info] [初始化环境]
2014/10/03 23:42:48 main.go:28 shutDownServer(): [Info] [shutDownRoute started]
2014/10/03 23:42:57 repairManage.go:25 GetCommQu(): [Debug] [GetCommQu]
2014/10/03 23:43:14 repairManage.go:25 GetCommQu(): [Debug] [GetCommQu]
2014/10/03 23:43:38 repairManage.go:25 GetCommQu(): [Debug] [GetCommQu]
2014/10/04 00:00:59 app.go:49 Init(): [Debug] [mysqluser= csm_d mysqlpass= 123]
2014/10/04 00:00:59 main.go:17 func·001(): [Info] [初始化环境]
2014/10/04 00:00:59 main.go:28 shutDownServer(): [Info] [shutDownRoute started]
2014/10/04 00:02:22 repairManage.go:25 GetCommQu(): [Debug] [GetCommQu]
2014/10/04 00:14:09 app.go:49 Init(): [Debug] [mysqluser= csm_d mysqlpass= 123]
2014/10/04 00:14:09 main.go:17 func·001(): [Info] [初始化环境]
2014/10/04 00:14:09 main.go:28 shutDownServer(): [Info] [shutDownRoute started]
2014/10/04 00:14:19 repairManage.go:25 GetCommQu(): [Debug] [GetCommQu]
2014/10/04 00:15:03 app.go:49 Init(): [Debug] [mysqluser= csm_d mysqlpass= 123]
2014/10/04 00:15:03 main.go:17 func·001(): [Info] [初始化环境]
2014/10/04 00:15:03 main.go:28 shutDownServer(): [Info] [shutDownRoute started]
2014/10/04 00:15:09 repairManage.go:25 GetCommQu(): [Debug] [GetCommQu]
2014/10/04 00:17:44 app.go:49 Init(): [Debug] [mysqluser= csm_d mysqlpass= 123]
2014/10/04 00:17:44 main.go:17 func·001(): [Info] [初始化环境]
2014/10/04 00:17:44 main.go:28 shutDownServer(): [Info] [shutDownRoute started]
2014/10/04 00:17:50 repairManage.go:25 GetCommQu(): [Debug] [GetCommQu]
2014/10/04 00:18:05 repairManage.go:25 GetCommQu(): [Debug] [GetCommQu]
2014/10/04 00:18:25 app.go:49 Init(): [Debug] [mysqluser= csm_d mysqlpass= 123]
2014/10/04 00:18:25 main.go:17 func·001(): [Info] [初始化环境]
2014/10/04 00:18:25 main.go:28 shutDownServer(): [Info] [shutDownRoute started]
2014/10/04 00:18:33 repairManage.go:25 GetCommQu(): [Debug] [GetCommQu]
2014/10/04 00:18:52 repairManage.go:25 GetCommQu(): [Debug] [GetCommQu]
2014/10/04 00:18:58 app.go:49 Init(): [Debug] [mysqluser= csm_d mysqlpass= 123]
2014/10/04 00:18:58 main.go:28 shutDownServer(): [Info] [shutDownRoute started]
2014/10/04 00:18:58 main.go:17 func·001(): [Info] [初始化环境]
2014/10/04 00:19:05 repairManage.go:25 GetCommQu(): [Debug] [GetCommQu]
2014/10/04 00:19:24 repairManage.go:25 GetCommQu(): [Debug] [GetCommQu]
2014/10/04 00:19:48 repairManage.go:25 GetCommQu(): [Debug] [GetCommQu]
2014/10/04 00:21:07 repairManage.go:25 GetCommQu(): [Debug] [GetCommQu]
2014/10/04 00:21:31 repairManage.go:25 GetCommQu(): [Debug] [GetCommQu]
2014/10/04 00:47:47 repairManage.go:25 GetCommQu(): [Debug] [GetCommQu]
2014/10/04 00:50:30 app.go:49 Init(): [Debug] [mysqluser= csm_d mysqlpass= 123]
2014/10/04 00:50:30 main.go:17 func·001(): [Info] [初始化环境]
2014/10/04 00:50:30 main.go:28 shutDownServer(): [Info] [shutDownRoute started]
2014/10/04 00:51:04 repairManage.go:25 GetCommQu(): [Debug] [GetCommQu]
2014/10/04 00:52:10 repairManage.go:25 GetCommQu(): [Debug] [GetCommQu]
2014/10/04 15:14:33 app.go:49 Init(): [Debug] [mysqluser= csm_d mysqlpass= 123]
2014/10/04 15:14:33 main.go:17 func·001(): [Info] [初始化环境]
2014/10/04 15:14:33 main.go:28 shutDownServer(): [Info] [shutDownRoute started]
2014/10/04 21:38:54 app.go:49 Init(): [Debug] [mysqluser= csm_d mysqlpass= 123]
2014/10/04 21:39:00 app.go:49 Init(): [Debug] [mysqluser= csm_d mysqlpass= 123]
2014/10/04 22:59:09 app.go:49 Init(): [Debug] [mysqluser= csm_d mysqlpass= 123]
2014/10/04 22:59:14 app.go:49 Init(): [Debug] [mysqluser= csm_d mysqlpass= 123]
2014/10/04 23:00:07 app.go:49 Init(): [Debug] [mysqluser= csm_d mysqlpass= 123]
2014/10/04 23:00:07 createWorkOrder.go:39 CreateWorkOrder(): [Error] [Error 1054: Unknown column 'userid' in 'field list']
2014/10/04 23:00:10 app.go:49 Init(): [Debug] [mysqluser= csm_d mysqlpass= 123]
2014/10/04 23:00:10 createWorkOrder.go:36 CreateWorkOrder(): [Error] [Error 1054: Unknown column 'userid' in 'field list']
2014/10/04 23:00:51 app.go:49 Init(): [Debug] [mysqluser= csm_d mysqlpass= 123]
2014/10/04 23:03:16 app.go:49 Init(): [Debug] [mysqluser= csm_d mysqlpass= 123]
2014/10/04 23:03:19 createWorkOrder.go:39 CreateWorkOrder(): [Error] [sql: expected 7 arguments, got 6]
2014/10/04 23:03:22 app.go:49 Init(): [Debug] [mysqluser= csm_d mysqlpass= 123]
2014/10/04 23:03:22 createWorkOrder.go:36 CreateWorkOrder(): [Error] [sql: expected 7 arguments, got 6]
2014/10/04 23:06:18 app.go:49 Init(): [Debug] [mysqluser= csm_d mysqlpass= 123]
2014/10/04 23:06:29 app.go:49 Init(): [Debug] [mysqluser= csm_d mysqlpass= 123]
2014/10/04 23:06:59 app.go:49 Init(): [Debug] [mysqluser= csm_d mysqlpass= 123]
2014/10/04 23:07:15 app.go:49 Init(): [Debug] [mysqluser= csm_d mysqlpass= 123]
2014/10/04 23:19:19 app.go:49 Init(): [Debug] [mysqluser= csm_d mysqlpass= 123]
2014/10/04 23:21:57 app.go:49 Init(): [Debug] [mysqluser= csm_d mysqlpass= 123]
2014/10/05 19:42:16 app.go:49 Init(): [Debug] [mysqluser= csm_d mysqlpass= 123]
2014/10/05 19:42:18 app.go:49 Init(): [Debug] [mysqluser= csm_d mysqlpass= 123]
2014/10/05 19:45:21 app.go:49 Init(): [Debug] [mysqluser= csm_d mysqlpass= 123]
2014/10/05 19:45:24 app.go:49 Init(): [Debug] [mysqluser= csm_d mysqlpass= 123]
2014/10/05 19:47:26 app.go:49 Init(): [Debug] [mysqluser= csm_d mysqlpass= 123]
2014/10/05 19:47:29 app.go:49 Init(): [Debug] [mysqluser= csm_d mysqlpass= 123]
2014/10/05 19:51:34 app.go:49 Init(): [Debug] [mysqluser= csm_d mysqlpass= 123]
2014/10/05 19:51:37 app.go:49 Init(): [Debug] [mysqluser= csm_d mysqlpass= 123]
2014/10/05 19:53:48 app.go:49 Init(): [Debug] [mysqluser= csm_d mysqlpass= 123]
2014/10/05 19:53:51 app.go:49 Init(): [Debug] [mysqluser= csm_d mysqlpass= 123]
2014/10/05 19:55:33 app.go:49 Init(): [Debug] [mysqluser= csm_d mysqlpass= 123]
2014/10/05 19:55:36 app.go:49 Init(): [Debug] [mysqluser= csm_d mysqlpass= 123]
2014/10/05 19:55:41 app.go:49 Init(): [Debug] [mysqluser= csm_d mysqlpass= 123]
2014/10/05 19:55:43 app.go:49 Init(): [Debug] [mysqluser= csm_d mysqlpass= 123]
2014/10/05 19:56:17 app.go:49 Init(): [Debug] [mysqluser= csm_d mysqlpass= 123]
2014/10/05 19:56:20 app.go:49 Init(): [Debug] [mysqluser= csm_d mysqlpass= 123]
2014/10/05 19:57:12 app.go:49 Init(): [Debug] [mysqluser= csm_d mysqlpass= 123]
2014/10/05 19:57:12 createWorkOrder.go:69 CheckDevice(): [Debug] [Error 1054: Unknown column 'status' in 'where clause']
2014/10/05 19:57:15 app.go:49 Init(): [Debug] [mysqluser= csm_d mysqlpass= 123]
2014/10/05 19:57:15 createWorkOrder.go:63 CheckDevice(): [Debug] [Error 1054: Unknown column 'status' in 'where clause']
2014/10/05 19:57:41 app.go:49 Init(): [Debug] [mysqluser= csm_d mysqlpass= 123]
2014/10/05 19:57:44 app.go:49 Init(): [Debug] [mysqluser= csm_d mysqlpass= 123]
2014/10/05 19:59:07 app.go:49 Init(): [Debug] [mysqluser= csm_d mysqlpass= 123]
2014/10/05 19:59:10 app.go:49 Init(): [Debug] [mysqluser= csm_d mysqlpass= 123]
2014/10/05 20:00:07 app.go:49 Init(): [Debug] [mysqluser= csm_d mysqlpass= 123]
2014/10/05 20:00:10 app.go:49 Init(): [Debug] [mysqluser= csm_d mysqlpass= 123]
2014/10/05 20:03:23 app.go:49 Init(): [Debug] [mysqluser= csm_d mysqlpass= 123]
2014/10/05 20:03:26 app.go:49 Init(): [Debug] [mysqluser= csm_d mysqlpass= 123]
2014/10/05 20:06:22 app.go:49 Init(): [Debug] [mysqluser= csm_d mysqlpass= 123]
2014/10/05 20:06:25 app.go:49 Init(): [Debug] [mysqluser= csm_d mysqlpass= 123]
2014/10/05 20:07:09 app.go:49 Init(): [Debug] [mysqluser= csm_d mysqlpass= 123]
2014/10/05 20:07:12 app.go:49 Init(): [Debug] [mysqluser= csm_d mysqlpass= 123]
2014/10/05 20:12:25 app.go:49 Init(): [Debug] [mysqluser= csm_d mysqlpass= 123]
2014/10/05 20:12:28 app.go:49 Init(): [Debug] [mysqluser= csm_d mysqlpass= 123]
2014/10/05 20:14:16 app.go:49 Init(): [Debug] [mysqluser= csm_d mysqlpass= 123]
2014/10/05 20:14:19 app.go:49 Init(): [Debug] [mysqluser= csm_d mysqlpass= 123]
2014/10/05 20:16:14 app.go:49 Init(): [Debug] [mysqluser= csm_d mysqlpass= 123]
2014/10/05 20:16:17 app.go:49 Init(): [Debug] [mysqluser= csm_d mysqlpass= 123]
2014/10/05 20:17:04 app.go:49 Init(): [Debug] [mysqluser= csm_d mysqlpass= 123]
2014/10/05 20:17:04 createWorkOrder.go:67 CheckDevice(): [Debug] [<QuerySeter> no row found]
2014/10/05 20:17:07 app.go:49 Init(): [Debug] [mysqluser= csm_d mysqlpass= 123]
2014/10/05 20:17:08 createWorkOrder.go:61 CheckDevice(): [Debug] [<QuerySeter> no row found]
2014/10/05 20:18:08 app.go:49 Init(): [Debug] [mysqluser= csm_d mysqlpass= 123]
2014/10/05 20:18:11 app.go:49 Init(): [Debug] [mysqluser= csm_d mysqlpass= 123]
2014/10/05 20:23:19 app.go:49 Init(): [Debug] [mysqluser= csm_d mysqlpass= 123]
2014/10/05 20:23:22 app.go:49 Init(): [Debug] [mysqluser= csm_d mysqlpass= 123]
2014/10/05 20:25:40 app.go:49 Init(): [Debug] [mysqluser= csm_d mysqlpass= 123]
2014/10/05 20:25:43 app.go:49 Init(): [Debug] [mysqluser= csm_d mysqlpass= 123]
2014/10/05 20:29:59 app.go:49 Init(): [Debug] [mysqluser= csm_d mysqlpass= 123]
2014/10/05 20:30:02 app.go:49 Init(): [Debug] [mysqluser= csm_d mysqlpass= 123]
2014/10/05 20:33:50 app.go:49 Init(): [Debug] [mysqluser= csm_d mysqlpass= 123]
2014/10/05 20:33:53 app.go:49 Init(): [Debug] [mysqluser= csm_d mysqlpass= 123]
2014/10/05 20:38:16 app.go:49 Init(): [Debug] [mysqluser= csm_d mysqlpass= 123]
2014/10/05 20:38:19 app.go:49 Init(): [Debug] [mysqluser= csm_d mysqlpass= 123]
2014/10/05 20:43:15 app.go:49 Init(): [Debug] [mysqluser= csm_d mysqlpass= 123]
2014/10/05 20:43:16 createWorkOrder_test.go:94 func·003(): [Debug] [当前单位无该设备]
2014/10/05 20:43:16 createWorkOrder_test.go:95 func·003(): [Debug] [当前单位无该设备]
2014/10/05 20:43:19 app.go:49 Init(): [Debug] [mysqluser= csm_d mysqlpass= 123]
2014/10/05 20:43:19 createWorkOrder_test.go:94 func·003(): [Debug] [当前单位无该设备]
2014/10/05 20:43:19 createWorkOrder_test.go:95 func·003(): [Debug] [当前单位无该设备]
2014/10/05 20:43:49 app.go:49 Init(): [Debug] [mysqluser= csm_d mysqlpass= 123]
2014/10/05 20:43:50 createWorkOrder_test.go:94 func·003(): [Debug] [当前单位无该设备]
2014/10/05 20:43:50 createWorkOrder_test.go:95 func·003(): [Debug] [当前单位无该设备]
2014/10/05 20:43:52 app.go:49 Init(): [Debug] [mysqluser= csm_d mysqlpass= 123]
2014/10/05 20:43:53 createWorkOrder_test.go:94 func·003(): [Debug] [当前单位无该设备]
2014/10/05 20:43:53 createWorkOrder_test.go:95 func·003(): [Debug] [当前单位无该设备]
2014/10/05 20:48:55 app.go:49 Init(): [Debug] [mysqluser= csm_d mysqlpass= 123]
2014/10/05 20:48:58 app.go:49 Init(): [Debug] [mysqluser= csm_d mysqlpass= 123]
2014/10/05 20:53:15 app.go:49 Init(): [Debug] [mysqluser= csm_d mysqlpass= 123]
2014/10/05 22:07:05 app.go:49 Init(): [Debug] [mysqluser= csm_d mysqlpass= 123]
2014/10/05 22:10:50 app.go:49 Init(): [Debug] [mysqluser= csm_d mysqlpass= 123]
2014/10/05 22:11:53 app.go:49 Init(): [Debug] [mysqluser= csm_d mysqlpass= 123]
2014/10/05 22:17:49 app.go:49 Init(): [Debug] [mysqluser= csm_d mysqlpass= 123]
2014/10/05 22:18:19 app.go:49 Init(): [Debug] [mysqluser= csm_d mysqlpass= 123]
2014/10/05 22:23:37 app.go:49 Init(): [Debug] [mysqluser= csm_d mysqlpass= 123]
2014/10/05 22:32:33 app.go:49 Init(): [Debug] [mysqluser= csm_d mysqlpass= 123]
2014/10/05 22:33:00 app.go:49 Init(): [Debug] [mysqluser= csm_d mysqlpass= 123]
2014/10/05 22:49:59 app.go:49 Init(): [Debug] [mysqluser= csm_d mysqlpass= 123]
2014/10/05 23:36:10 app.go:49 Init(): [Debug] [mysqluser= csm_d mysqlpass= 123]
2014/10/05 23:36:12 app.go:49 Init(): [Debug] [mysqluser= csm_d mysqlpass= 123]
2014/10/05 23:38:07 app.go:49 Init(): [Debug] [mysqluser= csm_d mysqlpass= 123]
2014/10/05 23:38:09 app.go:49 Init(): [Debug] [mysqluser= csm_d mysqlpass= 123]
2014/10/05 23:38:33 app.go:49 Init(): [Debug] [mysqluser= csm_d mysqlpass= 123]
2014/10/05 23:38:35 app.go:49 Init(): [Debug] [mysqluser= csm_d mysqlpass= 123]
2014/10/05 23:40:19 app.go:49 Init(): [Debug] [mysqluser= csm_d mysqlpass= 123]
2014/10/05 23:40:22 app.go:49 Init(): [Debug] [mysqluser= csm_d mysqlpass= 123]
2014/10/05 23:46:54 app.go:49 Init(): [Debug] [mysqluser= csm_d mysqlpass= 123]
2014/10/05 23:46:56 app.go:49 Init(): [Debug] [mysqluser= csm_d mysqlpass= 123]
2014/10/05 23:47:26 app.go:49 Init(): [Debug] [mysqluser= csm_d mysqlpass= 123]
2014/10/05 23:56:17 app.go:49 Init(): [Debug] [mysqluser= csm_d mysqlpass= 123]
2014/10/06 00:04:34 app.go:49 Init(): [Debug] [mysqluser= csm_d mysqlpass= 123]
2014/10/06 00:10:29 app.go:49 Init(): [Debug] [mysqluser= csm_d mysqlpass= 123]
2014/10/06 00:10:29 main.go:17 func·001(): [Info] [初始化环境]
2014/10/06 00:10:29 main.go:28 shutDownServer(): [Info] [shutDownRoute started]
2014/10/06 00:10:40 app.go:49 Init(): [Debug] [mysqluser= csm_d mysqlpass= 123]
2014/10/06 00:10:40 main.go:17 func·001(): [Info] [初始化环境]
2014/10/06 00:10:40 main.go:28 shutDownServer(): [Info] [shutDownRoute started]
2014/10/06 00:13:35 app.go:49 Init(): [Debug] [mysqluser= csm_d mysqlpass= 123]
2014/10/06 00:13:35 main.go:17 func·001(): [Info] [初始化环境]
2014/10/06 00:13:35 main.go:28 shutDownServer(): [Info] [shutDownRoute started]
2014/10/06 00:13:54 app.go:49 Init(): [Debug] [mysqluser= csm_d mysqlpass= 123]
2014/10/06 00:13:54 main.go:17 func·001(): [Info] [初始化环境]
2014/10/06 00:13:54 main.go:28 shutDownServer(): [Info] [shutDownRoute started]
2014/10/06 14:30:07 app.go:51 Init(): [Debug] [mysqluser= csm_d mysqlpass= 123]
2014/10/06 14:30:07 main.go:17 func·001(): [Info] [初始化环境]
2014/10/06 14:30:07 main.go:28 shutDownServer(): [Info] [shutDownRoute started]
2014/10/07 14:51:45 app.go:51 Init(): [Debug] [mysqluser= csm_d mysqlpass= 123]
2014/10/07 14:51:45 main.go:17 func·001(): [Info] [初始化环境]
2014/10/07 14:51:45 main.go:28 shutDownServer(): [Info] [shutDownRoute started]
2014/10/07 14:54:16 repairManage.go:20 GetCommQu(): [Debug] [GetCommQu]
2014/10/07 14:57:04 repairManage.go:20 GetCommQu(): [Debug] [GetCommQu]
2014/10/07 15:02:26 repairManage.go:20 GetCommQu(): [Debug] [GetCommQu]
2014/10/07 15:02:50 repairManage.go:20 GetCommQu(): [Debug] [GetCommQu]
2014/10/07 15:05:33 app.go:51 Init(): [Debug] [mysqluser= csm_d mysqlpass= 123]
2014/10/07 15:05:34 main.go:17 func·001(): [Info] [初始化环境]
2014/10/07 15:05:34 main.go:28 shutDownServer(): [Info] [shutDownRoute started]
2014/10/07 15:05:54 repairManage.go:20 GetCommQu(): [Debug] [GetCommQu]
2014/10/07 15:11:50 app.go:51 Init(): [Debug] [mysqluser= csm_d mysqlpass= 123]
2014/10/07 15:11:50 main.go:17 func·001(): [Info] [初始化环境]
2014/10/07 15:11:50 main.go:28 shutDownServer(): [Info] [shutDownRoute started]
2014/10/07 15:12:05 repairManage.go:20 GetCommQu(): [Debug] [GetCommQu]
2014/10/07 15:14:27 app.go:51 Init(): [Debug] [mysqluser= csm_d mysqlpass= 123]
2014/10/07 15:14:28 main.go:17 func·001(): [Info] [初始化环境]
2014/10/07 15:14:28 main.go:28 shutDownServer(): [Info] [shutDownRoute started]
2014/10/07 15:14:32 repairManage.go:20 GetCommQu(): [Debug] [GetCommQu]
2014/10/07 15:18:03 app.go:51 Init(): [Debug] [mysqluser= csm_d mysqlpass= 123]
2014/10/07 15:18:04 main.go:17 func·001(): [Info] [初始化环境]
2014/10/07 15:18:04 main.go:28 shutDownServer(): [Info] [shutDownRoute started]
2014/10/07 15:18:16 repairManage.go:40 CreateWorkOrder(): [Debug] [CreateWorkOrder]
2014/10/07 21:07:30 app.go:51 Init(): [Debug] [mysqluser= csm_d mysqlpass= 123]
2014/10/08 22:09:46 app.go:51 Init(): [Debug] [mysqluser= csm_d mysqlpass= 123]
2014/10/08 22:09:46 main.go:17 func·001(): [Info] [初始化环境]
2014/10/08 22:09:46 main.go:28 shutDownServer(): [Info] [shutDownRoute started]
2014/10/08 22:39:19 app.go:51 Init(): [Debug] [mysqluser= csm_d mysqlpass= 123]
2014/10/08 22:39:20 main.go:17 func·001(): [Info] [初始化环境]
2014/10/08 22:39:20 main.go:28 shutDownServer(): [Info] [shutDownRoute started]
2014/10/08 22:39:32 repairManage.go:20 GetCommQu(): [Debug] [GetCommQu]
2014/10/08 22:39:32 repairManage.go:25 GetCommQu(): [Error] [sql: statement expects 0 inputs; got 1]
2014/10/08 22:40:21 app.go:51 Init(): [Debug] [mysqluser= csm_d mysqlpass= 123]
2014/10/08 22:40:22 main.go:17 func·001(): [Info] [初始化环境]
2014/10/08 22:40:22 main.go:28 shutDownServer(): [Info] [shutDownRoute started]
2014/10/08 22:40:26 repairManage.go:20 GetCommQu(): [Debug] [GetCommQu]
2014/10/08 22:40:26 repairManage.go:22 GetCommQu(): [Debug] []
2014/10/08 22:40:26 repairManage.go:25 GetCommQu(): [Error] [sql: statement expects 0 inputs; got 1]
2014/10/08 22:41:09 app.go:51 Init(): [Debug] [mysqluser= csm_d mysqlpass= 123]
2014/10/08 22:41:09 main.go:17 func·001(): [Info] [初始化环境]
2014/10/08 22:41:09 main.go:28 shutDownServer(): [Info] [shutDownRoute started]
2014/10/08 22:41:16 repairManage.go:20 GetCommQu(): [Debug] [GetCommQu]
2014/10/08 22:41:16 repairManage.go:22 GetCommQu(): [Debug] []
2014/10/08 22:41:16 repairManage.go:25 GetCommQu(): [Error] [sql: statement expects 0 inputs; got 1]
2014/10/08 22:47:21 app.go:51 Init(): [Debug] [mysqluser= csm_d mysqlpass= 123]
2014/10/08 22:47:22 main.go:17 func·001(): [Info] [初始化环境]
2014/10/08 22:47:22 main.go:28 shutDownServer(): [Info] [shutDownRoute started]
2014/10/08 22:47:57 app.go:51 Init(): [Debug] [mysqluser= csm_d mysqlpass= 123]
2014/10/08 22:47:57 main.go:17 func·001(): [Info] [初始化环境]
2014/10/08 22:47:57 main.go:28 shutDownServer(): [Info] [shutDownRoute started]
2014/10/08 22:48:10 repairManage.go:20 GetCommQu(): [Debug] [GetCommQu]
2014/10/08 22:54:35 repairManage.go:20 GetCommQu(): [Debug] [GetCommQu]
2014/10/08 23:00:53 app.go:51 Init(): [Debug] [mysqluser= csm_d mysqlpass= 123]
2014/10/08 23:00:53 main.go:17 func·001(): [Info] [初始化环境]
2014/10/08 23:00:53 main.go:28 shutDownServer(): [Info] [shutDownRoute started]
2014/10/08 23:01:00 repairManage.go:20 GetCommQu(): [Debug] [GetCommQu]
2014/10/08 23:01:00 repairManage.go:25 GetCommQu(): [Error] [sql: statement expects 0 inputs; got 1]
2014/10/08 23:01:55 app.go:51 Init(): [Debug] [mysqluser= csm_d mysqlpass= 123]
2014/10/08 23:01:55 main.go:17 func·001(): [Info] [初始化环境]
2014/10/08 23:01:55 main.go:28 shutDownServer(): [Info] [shutDownRoute started]
2014/10/08 23:02:01 repairManage.go:20 GetCommQu(): [Debug] [GetCommQu]
2014/10/08 23:02:01 repairManage.go:25 GetCommQu(): [Error] [sql: statement expects 0 inputs; got 1]
2014/10/08 23:06:13 repairManage.go:20 GetCommQu(): [Debug] [GetCommQu]
2014/10/08 23:06:13 repairManage.go:25 GetCommQu(): [Error] [sql: statement expects 0 inputs; got 1]
2014/10/08 23:07:15 app.go:51 Init(): [Debug] [mysqluser= csm_d mysqlpass= 123]
2014/10/08 23:07:16 main.go:17 func·001(): [Info] [初始化环境]
2014/10/08 23:07:16 main.go:28 shutDownServer(): [Info] [shutDownRoute started]
2014/10/08 23:07:19 repairManage.go:20 GetCommQu(): [Debug] [GetCommQu]
2014/10/08 23:09:37 app.go:51 Init(): [Debug] [mysqluser= csm_d mysqlpass= 123]
2014/10/08 23:09:37 main.go:17 func·001(): [Info] [初始化环境]
2014/10/08 23:09:37 main.go:28 shutDownServer(): [Info] [shutDownRoute started]
2014/10/08 23:09:44 repairManage.go:20 GetCommQu(): [Debug] [GetCommQu]
2014/10/08 23:09:44 repairManage.go:23 GetCommQu(): [Debug] []
2014/10/08 23:36:01 app.go:51 Init(): [Debug] [mysqluser= csm_d mysqlpass= 123]
2014/10/08 23:36:02 main.go:17 func·001(): [Info] [初始化环境]
2014/10/08 23:36:02 main.go:28 shutDownServer(): [Info] [shutDownRoute started]
2014/10/08 23:36:08 repairManage.go:20 GetCommQu(): [Debug] [GetCommQu]
2014/10/08 23:36:08 repairManage.go:36 GetCommQu(): [Error] [sql: statement expects 0 inputs; got 1]
2014/10/08 23:39:15 app.go:51 Init(): [Debug] [mysqluser= csm_d mysqlpass= 123]
2014/10/08 23:39:15 main.go:17 func·001(): [Info] [初始化环境]
2014/10/08 23:39:15 main.go:28 shutDownServer(): [Info] [shutDownRoute started]
2014/10/08 23:39:19 repairManage.go:20 GetCommQu(): [Debug] [GetCommQu]
2014/10/08 23:39:19 repairManage.go:33 GetCommQu(): [Debug] []
2014/10/08 23:42:58 app.go:51 Init(): [Debug] [mysqluser= csm_d mysqlpass= 123]
2014/10/08 23:42:58 main.go:17 func·001(): [Info] [初始化环境]
2014/10/08 23:42:58 main.go:28 shutDownServer(): [Info] [shutDownRoute started]
2014/10/08 23:43:09 repairManage.go:20 GetCommQu(): [Debug] [GetCommQu]
2014/10/08 23:43:09 repairManage.go:33 GetCommQu(): [Debug] []
2014/10/08 23:43:28 app.go:51 Init(): [Debug] [mysqluser= csm_d mysqlpass= 123]
2014/10/08 23:43:28 main.go:17 func·001(): [Info] [初始化环境]
2014/10/08 23:43:28 main.go:28 shutDownServer(): [Info] [shutDownRoute started]
2014/10/08 23:43:31 repairManage.go:20 GetCommQu(): [Debug] [GetCommQu]
2014/10/08 23:43:31 repairManage.go:33 GetCommQu(): [Debug] []
2014/10/08 23:46:47 repairManage.go:20 GetCommQu(): [Debug] [GetCommQu]
2014/10/08 23:46:47 repairManage.go:33 GetCommQu(): [Debug] [阳光工程]
2014/10/08 23:48:07 repairManage.go:20 GetCommQu(): [Debug] [GetCommQu]
2014/10/08 23:48:07 repairManage.go:33 GetCommQu(): [Debug] []
2014/10/08 23:48:49 app.go:51 Init(): [Debug] [mysqluser= csm_d mysqlpass= 123]
2014/10/08 23:48:49 main.go:17 func·001(): [Info] [初始化环境]
2014/10/08 23:48:49 main.go:28 shutDownServer(): [Info] [shutDownRoute started]
2014/10/08 23:49:02 repairManage.go:20 GetCommQu(): [Debug] [GetCommQu]
2014/10/08 23:52:07 repairManage.go:20 GetCommQu(): [Debug] [GetCommQu]
2014/10/08 23:52:09 repairManage.go:20 GetCommQu(): [Debug] [GetCommQu]
2014/10/08 23:52:15 repairManage.go:20 GetCommQu(): [Debug] [GetCommQu]
2014/10/08 23:52:18 repairManage.go:20 GetCommQu(): [Debug] [GetCommQu]
2014/10/08 23:52:21 repairManage.go:20 GetCommQu(): [Debug] [GetCommQu]
2014/10/08 23:52:23 repairManage.go:20 GetCommQu(): [Debug] [GetCommQu]
2014/10/08 23:52:26 repairManage.go:20 GetCommQu(): [Debug] [GetCommQu]
2014/10/08 23:52:30 repairManage.go:20 GetCommQu(): [Debug] [GetCommQu]
